Determining if the pthread_create exist failed with the following output:
Change Dir: /home/cipa/catkin_ws/build/CMakeFiles/CMakeTmp

Run Build Command:/usr/bin/make "cmTryCompileExec625930735/fast"
/usr/bin/make -f CMakeFiles/cmTryCompileExec625930735.dir/build.make CMakeFiles/cmTryCompileExec625930735.dir/build
make[1]: Entering directory `/home/cipa/catkin_ws/build/CMakeFiles/CMakeTmp'
/usr/bin/cmake -E cmake_progress_report /home/cipa/catkin_ws/build/CMakeFiles/CMakeTmp/CMakeFiles 1
Building C object CMakeFiles/cmTryCompileExec625930735.dir/CheckSymbolExists.c.o
/usr/bin/cc    -o CMakeFiles/cmTryCompileExec625930735.dir/CheckSymbolExists.c.o   -c /home/cipa/catkin_ws/build/CMakeFiles/CMakeTmp/CheckSymbolExists.c
Linking C executable cmTryCompileExec625930735
/usr/bin/cmake -E cmake_link_script CMakeFiles/cmTryCompileExec625930735.dir/link.txt --verbose=1
/usr/bin/cc       CMakeFiles/cmTryCompileExec625930735.dir/CheckSymbolExists.c.o  -o cmTryCompileExec625930735 -rdynamic 
CMakeFiles/cmTryCompileExec625930735.dir/CheckSymbolExists.c.o: In function `main':
CheckSymbolExists.c:(.text+0xa): undefined reference to `pthread_create'
collect2: error: ld returned 1 exit status
make[1]: *** [cmTryCompileExec625930735] Error 1
make[1]: Leaving directory `/home/cipa/catkin_ws/build/CMakeFiles/CMakeTmp'
make: *** [cmTryCompileExec625930735/fast] Error 2

File /home/cipa/catkin_ws/build/CMakeFiles/CMakeTmp/CheckSymbolExists.c:
/* */
#include <pthread.h>

int main(int argc, char** argv)
{
  (void)argv;
#ifndef pthread_create
  return ((int*)(&pthread_create))[argc];
#else
  (void)argc;
  return 0;
#endif
}

Determining if the function pthread_create exists in the pthreads failed with the following output:
Change Dir: /home/cipa/catkin_ws/build/CMakeFiles/CMakeTmp

Run Build Command:/usr/bin/make "cmTryCompileExec1391195195/fast"
/usr/bin/make -f CMakeFiles/cmTryCompileExec1391195195.dir/build.make CMakeFiles/cmTryCompileExec1391195195.dir/build
make[1]: Entering directory `/home/cipa/catkin_ws/build/CMakeFiles/CMakeTmp'
/usr/bin/cmake -E cmake_progress_report /home/cipa/catkin_ws/build/CMakeFiles/CMakeTmp/CMakeFiles 1
Building C object CMakeFiles/cmTryCompileExec1391195195.dir/CheckFunctionExists.c.o
/usr/bin/cc   -DCHECK_FUNCTION_EXISTS=pthread_create   -o CMakeFiles/cmTryCompileExec1391195195.dir/CheckFunctionExists.c.o   -c /usr/share/cmake-2.8/Modules/CheckFunctionExists.c
Linking C executable cmTryCompileExec1391195195
/usr/bin/cmake -E cmake_link_script CMakeFiles/cmTryCompileExec1391195195.dir/link.txt --verbose=1
/usr/bin/cc   -DCHECK_FUNCTION_EXISTS=pthread_create    CMakeFiles/cmTryCompileExec1391195195.dir/CheckFunctionExists.c.o  -o cmTryCompileExec1391195195 -rdynamic -lpthreads 
/usr/bin/ld: cannot find -lpthreads
collect2: error: ld returned 1 exit status
make[1]: *** [cmTryCompileExec1391195195] Error 1
make[1]: Leaving directory `/home/cipa/catkin_ws/build/CMakeFiles/CMakeTmp'
make: *** [cmTryCompileExec1391195195/fast] Error 2


